<?xml version="1.0" encoding="UTF-8"?>
<testsuites name="Mocha Tests" time="0.0000" tests="8" failures="0" skipped="8">
  <testsuite name="Root Suite" timestamp="2022-09-21T11:08:40" tests="0" file="cypress/e2e/regression/uploadCategorize/downloadProductCategory.spec.ts" time="0.0000" failures="0">
  </testsuite>
  <testsuite name="Download Product Categorization tests - Step-4" timestamp="2022-09-21T11:08:40" tests="0" time="0.0000" failures="0">
  </testsuite>
  <testsuite name="Validate Download Categorization data with minimal data" timestamp="2022-09-21T11:08:40" tests="2" time="0.0000" failures="0">
  </testsuite>
  <testsuite name="Validate Download Categorization data with more user data" timestamp="2022-09-21T11:08:40" tests="1" time="0.0000" failures="0">
  </testsuite>
  <testsuite name="Validate Download Categorization data when job is partialy created " timestamp="2022-09-21T11:08:40" tests="1" time="0.0000" failures="0">
  </testsuite>
  <testsuite name="Validate Download Categorization data after some edit" timestamp="2022-09-21T11:08:40" tests="1" time="0.0000" failures="0">
  </testsuite>
  <testsuite name="DONE button Funtionality" timestamp="2022-09-21T11:08:40" tests="2" time="0.0000" failures="0">
  </testsuite>
  <testsuite name="Log Out" timestamp="2022-09-21T11:08:40" tests="1" time="0.0000" failures="0">
  </testsuite>
</testsuites>